  block.cpp
C:\Users\Calvin\OneDrive\Documents\source\repos\SFMLProject\SFMLProject\block.h(22,10): warning C4290: C++ exception specification ignored except to indicate a function is not __declspec(nothrow)
C:\Users\Calvin\OneDrive\Documents\source\repos\SFMLProject\SFMLProject\block.cpp(5,5): warning C5043: 'Block::Block': exception specification does not match previous declaration
C:\Users\Calvin\OneDrive\Documents\source\repos\SFMLProject\SFMLProject\block.h(22): message : see declaration of 'Block::Block'
C:\Users\Calvin\OneDrive\Documents\source\repos\SFMLProject\SFMLProject\block.cpp(46,77): warning C4244: 'argument': conversion from 'double' to 'T', possible loss of data
          with
          [
              T=float
          ]
C:\Users\Calvin\OneDrive\Documents\source\repos\SFMLProject\SFMLProject\block.cpp(46,44): warning C4244: 'argument': conversion from 'double' to 'T', possible loss of data
          with
          [
              T=float
          ]
C:\Users\Calvin\OneDrive\Documents\source\repos\SFMLProject\SFMLProject\block.cpp(62,99): warning C4244: 'argument': conversion from 'double' to 'float', possible loss of data
C:\Users\Calvin\OneDrive\Documents\source\repos\SFMLProject\SFMLProject\block.cpp(62,71): warning C4244: 'argument': conversion from 'double' to 'float', possible loss of data
C:\Users\Calvin\OneDrive\Documents\source\repos\SFMLProject\SFMLProject\block.cpp(65,104): warning C4244: 'argument': conversion from 'double' to 'float', possible loss of data
C:\Users\Calvin\OneDrive\Documents\source\repos\SFMLProject\SFMLProject\block.cpp(65,76): warning C4244: 'argument': conversion from 'double' to 'float', possible loss of data
C:\Users\Calvin\OneDrive\Documents\source\repos\SFMLProject\SFMLProject\block.cpp(70,79): warning C4244: 'argument': conversion from 'double' to 'float', possible loss of data
C:\Users\Calvin\OneDrive\Documents\source\repos\SFMLProject\SFMLProject\block.cpp(70,49): warning C4244: 'argument': conversion from 'double' to 'float', possible loss of data
C:\Users\Calvin\OneDrive\Documents\source\repos\SFMLProject\SFMLProject\block.cpp(73,84): warning C4244: 'argument': conversion from 'double' to 'float', possible loss of data
C:\Users\Calvin\OneDrive\Documents\source\repos\SFMLProject\SFMLProject\block.cpp(73,54): warning C4244: 'argument': conversion from 'double' to 'float', possible loss of data
C:\Users\Calvin\OneDrive\Documents\source\repos\SFMLProject\SFMLProject\block.cpp(82,95): warning C4244: 'argument': conversion from 'double' to 'float', possible loss of data
C:\Users\Calvin\OneDrive\Documents\source\repos\SFMLProject\SFMLProject\block.cpp(82,67): warning C4244: 'argument': conversion from 'double' to 'float', possible loss of data
C:\Users\Calvin\OneDrive\Documents\source\repos\SFMLProject\SFMLProject\block.cpp(85,100): warning C4244: 'argument': conversion from 'double' to 'float', possible loss of data
C:\Users\Calvin\OneDrive\Documents\source\repos\SFMLProject\SFMLProject\block.cpp(85,72): warning C4244: 'argument': conversion from 'double' to 'float', possible loss of data
C:\Users\Calvin\OneDrive\Documents\source\repos\SFMLProject\SFMLProject\block.cpp(89,103): warning C4244: 'argument': conversion from 'double' to 'float', possible loss of data
C:\Users\Calvin\OneDrive\Documents\source\repos\SFMLProject\SFMLProject\block.cpp(89,75): warning C4244: 'argument': conversion from 'double' to 'float', possible loss of data
C:\Users\Calvin\OneDrive\Documents\source\repos\SFMLProject\SFMLProject\block.cpp(92,108): warning C4244: 'argument': conversion from 'double' to 'float', possible loss of data
C:\Users\Calvin\OneDrive\Documents\source\repos\SFMLProject\SFMLProject\block.cpp(92,80): warning C4244: 'argument': conversion from 'double' to 'float', possible loss of data
C:\Users\Calvin\OneDrive\Documents\source\repos\SFMLProject\SFMLProject\block.cpp(98,77): warning C4244: 'argument': conversion from 'double' to 'T', possible loss of data
          with
          [
              T=float
          ]
C:\Users\Calvin\OneDrive\Documents\source\repos\SFMLProject\SFMLProject\block.cpp(98,44): warning C4244: 'argument': conversion from 'double' to 'T', possible loss of data
          with
          [
              T=float
          ]
C:\Users\Calvin\OneDrive\Documents\source\repos\SFMLProject\SFMLProject\block.cpp(120,99): warning C4244: 'argument': conversion from 'double' to 'float', possible loss of data
C:\Users\Calvin\OneDrive\Documents\source\repos\SFMLProject\SFMLProject\block.cpp(120,71): warning C4244: 'argument': conversion from 'double' to 'float', possible loss of data
C:\Users\Calvin\OneDrive\Documents\source\repos\SFMLProject\SFMLProject\block.cpp(123,104): warning C4244: 'argument': conversion from 'double' to 'float', possible loss of data
C:\Users\Calvin\OneDrive\Documents\source\repos\SFMLProject\SFMLProject\block.cpp(123,76): warning C4244: 'argument': conversion from 'double' to 'float', possible loss of data
C:\Users\Calvin\OneDrive\Documents\source\repos\SFMLProject\SFMLProject\block.cpp(128,105): warning C4244: 'argument': conversion from 'double' to 'float', possible loss of data
C:\Users\Calvin\OneDrive\Documents\source\repos\SFMLProject\SFMLProject\block.cpp(128,71): warning C4244: 'argument': conversion from 'double' to 'float', possible loss of data
C:\Users\Calvin\OneDrive\Documents\source\repos\SFMLProject\SFMLProject\block.cpp(131,110): warning C4244: 'argument': conversion from 'double' to 'float', possible loss of data
C:\Users\Calvin\OneDrive\Documents\source\repos\SFMLProject\SFMLProject\block.cpp(131,76): warning C4244: 'argument': conversion from 'double' to 'float', possible loss of data
C:\Users\Calvin\OneDrive\Documents\source\repos\SFMLProject\SFMLProject\block.cpp(141,99): warning C4244: 'argument': conversion from 'double' to 'float', possible loss of data
C:\Users\Calvin\OneDrive\Documents\source\repos\SFMLProject\SFMLProject\block.cpp(141,71): warning C4244: 'argument': conversion from 'double' to 'float', possible loss of data
C:\Users\Calvin\OneDrive\Documents\source\repos\SFMLProject\SFMLProject\block.cpp(144,104): warning C4244: 'argument': conversion from 'double' to 'float', possible loss of data
C:\Users\Calvin\OneDrive\Documents\source\repos\SFMLProject\SFMLProject\block.cpp(144,76): warning C4244: 'argument': conversion from 'double' to 'float', possible loss of data
C:\Users\Calvin\OneDrive\Documents\source\repos\SFMLProject\SFMLProject\block.cpp(149,78): warning C4244: 'argument': conversion from 'double' to 'float', possible loss of data
C:\Users\Calvin\OneDrive\Documents\source\repos\SFMLProject\SFMLProject\block.cpp(149,49): warning C4244: 'argument': conversion from 'double' to 'float', possible loss of data
C:\Users\Calvin\OneDrive\Documents\source\repos\SFMLProject\SFMLProject\block.cpp(152,83): warning C4244: 'argument': conversion from 'double' to 'float', possible loss of data
C:\Users\Calvin\OneDrive\Documents\source\repos\SFMLProject\SFMLProject\block.cpp(152,54): warning C4244: 'argument': conversion from 'double' to 'float', possible loss of data
C:\Users\Calvin\OneDrive\Documents\source\repos\SFMLProject\SFMLProject\block.cpp(162,99): warning C4244: 'argument': conversion from 'double' to 'float', possible loss of data
C:\Users\Calvin\OneDrive\Documents\source\repos\SFMLProject\SFMLProject\block.cpp(162,71): warning C4244: 'argument': conversion from 'double' to 'float', possible loss of data
C:\Users\Calvin\OneDrive\Documents\source\repos\SFMLProject\SFMLProject\block.cpp(165,104): warning C4244: 'argument': conversion from 'double' to 'float', possible loss of data
C:\Users\Calvin\OneDrive\Documents\source\repos\SFMLProject\SFMLProject\block.cpp(165,76): warning C4244: 'argument': conversion from 'double' to 'float', possible loss of data
C:\Users\Calvin\OneDrive\Documents\source\repos\SFMLProject\SFMLProject\block.cpp(170,105): warning C4244: 'argument': conversion from 'double' to 'float', possible loss of data
C:\Users\Calvin\OneDrive\Documents\source\repos\SFMLProject\SFMLProject\block.cpp(170,71): warning C4244: 'argument': conversion from 'double' to 'float', possible loss of data
C:\Users\Calvin\OneDrive\Documents\source\repos\SFMLProject\SFMLProject\block.cpp(173,110): warning C4244: 'argument': conversion from 'double' to 'float', possible loss of data
C:\Users\Calvin\OneDrive\Documents\source\repos\SFMLProject\SFMLProject\block.cpp(173,76): warning C4244: 'argument': conversion from 'double' to 'float', possible loss of data
C:\Users\Calvin\OneDrive\Documents\source\repos\SFMLProject\SFMLProject\block.cpp(223,15): warning C4244: 'initializing': conversion from 'T' to 'int', possible loss of data
          with
          [
              T=float
          ]
C:\Users\Calvin\OneDrive\Documents\source\repos\SFMLProject\SFMLProject\block.cpp(224,15): warning C4244: 'initializing': conversion from 'T' to 'int', possible loss of data
          with
          [
              T=float
          ]
C:\Users\Calvin\OneDrive\Documents\source\repos\SFMLProject\SFMLProject\block.cpp(256,89): warning C4244: 'argument': conversion from 'T' to 'T', possible loss of data
          with
          [
              T=float
          ]
          and
          [
              T=int
          ]
C:\Users\Calvin\OneDrive\Documents\source\repos\SFMLProject\SFMLProject\block.cpp(256,57): warning C4244: 'argument': conversion from 'T' to 'T', possible loss of data
          with
          [
              T=float
          ]
          and
          [
              T=int
          ]
  game.cpp
C:\Users\Calvin\OneDrive\Documents\source\repos\SFMLProject\SFMLProject\block.h(22,10): warning C4290: C++ exception specification ignored except to indicate a function is not __declspec(nothrow)
C:\Users\Calvin\OneDrive\Documents\source\repos\SFMLProject\SFMLProject\game.cpp(19,59): warning C4244: 'argument': conversion from 'double' to 'float', possible loss of data
C:\Users\Calvin\OneDrive\Documents\source\repos\SFMLProject\SFMLProject\game.cpp(23,60): warning C4244: 'argument': conversion from 'double' to 'float', possible loss of data
C:\Users\Calvin\OneDrive\Documents\source\repos\SFMLProject\SFMLProject\game.cpp(27,91): warning C4244: 'argument': conversion from 'double' to 'float', possible loss of data
C:\Users\Calvin\OneDrive\Documents\source\repos\SFMLProject\SFMLProject\game.cpp(27,60): warning C4244: 'argument': conversion from 'double' to 'float', possible loss of data
C:\Users\Calvin\OneDrive\Documents\source\repos\SFMLProject\SFMLProject\game.cpp(30,19): warning C4244: 'initializing': conversion from '_Rep' to 'unsigned int', possible loss of data
          with
          [
              _Rep=std::chrono::system_clock::rep
          ]
C:\Users\Calvin\OneDrive\Documents\source\repos\SFMLProject\SFMLProject\game.cpp(36,94): warning C4244: 'argument': conversion from 'size_t' to 'float', possible loss of data
C:\Users\Calvin\OneDrive\Documents\source\repos\SFMLProject\SFMLProject\game.cpp(102,16): warning C4101: 'n': unreferenced local variable
C:\Users\Calvin\OneDrive\Documents\source\repos\SFMLProject\SFMLProject\game.cpp(136,60): warning C4244: 'argument': conversion from 'int' to 'float', possible loss of data
C:\Users\Calvin\OneDrive\Documents\source\repos\SFMLProject\SFMLProject\game.cpp(203,22): warning C4244: 'initializing': conversion from 'double' to 'float', possible loss of data
C:\Users\Calvin\OneDrive\Documents\source\repos\SFMLProject\SFMLProject\game.cpp(281,48): warning C4244: 'argument': conversion from 'double' to 'float', possible loss of data
C:\Users\Calvin\OneDrive\Documents\source\repos\SFMLProject\SFMLProject\game.cpp(307,24): warning C4244: 'argument': conversion from 'double' to 'float', possible loss of data
  main.cpp
C:\Users\Calvin\OneDrive\Documents\source\repos\SFMLProject\SFMLProject\block.h(22,10): warning C4290: C++ exception specification ignored except to indicate a function is not __declspec(nothrow)
  Generating Code...
  SFMLProject.vcxproj -> C:\Users\Calvin\OneDrive\Documents\source\repos\SFMLProject\x64\Debug\SFMLProject.exe
